[I 22:11:02.414 NotebookApp] Serving notebooks from local directory: /home/goldang/doit_pandas_study
[I 22:11:02.414 NotebookApp] Jupyter Notebook 6.3.0 is running at:
[I 22:11:02.414 NotebookApp] http://localhost:8888/?token=d23e3731ea44fc6e22135621551b3b4c6ed50c1d710f73ac
[I 22:11:02.414 NotebookApp]  or http://127.0.0.1:8888/?token=d23e3731ea44fc6e22135621551b3b4c6ed50c1d710f73ac
[I 22:11:02.414 NotebookApp] Use Control-C to stop this server and shut down all kernels (twice to skip confirmation).
[C 22:11:02.422 NotebookApp] 
    
    To access the notebook, open this file in a browser:
        file:///home/goldang/.local/share/jupyter/runtime/nbserver-158-open.html
    Or copy and paste one of these URLs:
        http://localhost:8888/?token=d23e3731ea44fc6e22135621551b3b4c6ed50c1d710f73ac
     or http://127.0.0.1:8888/?token=d23e3731ea44fc6e22135621551b3b4c6ed50c1d710f73ac
find: '/mnt/c/Users/\261\335\265\277\310\306/AppData/Local/Microsoft/WindowsApps/CanonicalGroupLimited.Ubuntu18.04onWindows_79rhkp1fndgsc': No such file or directory
Start : 지정된 파일을 찾을 수 없습니다 오류로 인해 이 명령을 실행할 수 없습니다.
위치 줄:1 문자:1
+ Start "file:///home/goldang/.local/share/jupyter/runtime/nbserver-158 ...
+ ~~~~~~~~~~~~~~~~~~~~~~~~~~~~~~~~~~~~~~~~~~~~~~~~~~~~~~~~~~~~~~~~~~~~~
    + CategoryInfo          : InvalidOperation: (:) [Start-Process], InvalidOperationException
    + FullyQualifiedErrorId : InvalidOperationException,Microsoft.PowerShell.Commands.StartProcessCommand
 
[I 23:22:09.320 NotebookApp] Serving notebooks from local directory: /home/goldang/doit_pandas_study
[I 23:22:09.327 NotebookApp] Jupyter Notebook 6.3.0 is running at:
[I 23:22:09.327 NotebookApp] http://localhost:8888/?token=40c4743234d19f542f37ff7c2aded2f9e4b669ddb9e941c3
[I 23:22:09.327 NotebookApp]  or http://127.0.0.1:8888/?token=40c4743234d19f542f37ff7c2aded2f9e4b669ddb9e941c3
[I 23:22:09.327 NotebookApp] Use Control-C to stop this server and shut down all kernels (twice to skip confirmation).
[C 23:22:09.334 NotebookApp] 
    
    To access the notebook, open this file in a browser:
        file:///home/goldang/.local/share/jupyter/runtime/nbserver-477-open.html
    Or copy and paste one of these URLs:
        http://localhost:8888/?token=40c4743234d19f542f37ff7c2aded2f9e4b669ddb9e941c3
     or http://127.0.0.1:8888/?token=40c4743234d19f542f37ff7c2aded2f9e4b669ddb9e941c3
find: '/mnt/c/Users/\261\335\265\277\310\306/AppData/Local/Microsoft/WindowsApps/CanonicalGroupLimited.Ubuntu18.04onWindows_79rhkp1fndgsc': No such file or directory
Start : 지정된 파일을 찾을 수 없습니다 오류로 인해 이 명령을 실행할 수 없습니다.
위치 줄:1 문자:1
+ Start "file:///home/goldang/.local/share/jupyter/runtime/nbserver-477 ...
+ ~~~~~~~~~~~~~~~~~~~~~~~~~~~~~~~~~~~~~~~~~~~~~~~~~~~~~~~~~~~~~~~~~~~~~
    + CategoryInfo          : InvalidOperation: (:) [Start-Process], InvalidOperationException
    + FullyQualifiedErrorId : InvalidOperationException,Microsoft.PowerShell.Commands.StartProcessCommand
 
[I 23:23:15.468 NotebookApp] Serving notebooks from local directory: /home/goldang/doit_pandas_study
[I 23:23:15.468 NotebookApp] Jupyter Notebook 6.3.0 is running at:
[I 23:23:15.468 NotebookApp] http://localhost:8888/?token=a1ae9a5845539e8e096e2315f065dbd7c5f41b113352b414
[I 23:23:15.468 NotebookApp]  or http://127.0.0.1:8888/?token=a1ae9a5845539e8e096e2315f065dbd7c5f41b113352b414
[I 23:23:15.468 NotebookApp] Use Control-C to stop this server and shut down all kernels (twice to skip confirmation).
[C 23:23:15.475 NotebookApp] 
    
    To access the notebook, open this file in a browser:
        file:///home/goldang/.local/share/jupyter/runtime/nbserver-549-open.html
    Or copy and paste one of these URLs:
        http://localhost:8888/?token=a1ae9a5845539e8e096e2315f065dbd7c5f41b113352b414
     or http://127.0.0.1:8888/?token=a1ae9a5845539e8e096e2315f065dbd7c5f41b113352b414
find: '/mnt/c/Users/\261\335\265\277\310\306/AppData/Local/Microsoft/WindowsApps/CanonicalGroupLimited.Ubuntu18.04onWindows_79rhkp1fndgsc': No such file or directory
Start : 지정된 파일을 찾을 수 없습니다 오류로 인해 이 명령을 실행할 수 없습니다.
위치 줄:1 문자:1
+ Start "file:///home/goldang/.local/share/jupyter/runtime/nbserver-549 ...
+ ~~~~~~~~~~~~~~~~~~~~~~~~~~~~~~~~~~~~~~~~~~~~~~~~~~~~~~~~~~~~~~~~~~~~~
    + CategoryInfo          : InvalidOperation: (:) [Start-Process], InvalidOperationException
    + FullyQualifiedErrorId : InvalidOperationException,Microsoft.PowerShell.Commands.StartProcessCommand
 
[W 23:23:22.501 NotebookApp] 404 GET /nbextensions/widgets/notebook/js/extension.js?v=20210325232315 (127.0.0.1) 29.800000ms referer=http://127.0.0.1:8888/notebooks/Chapter%204.ipynb
[I 23:23:31.291 NotebookApp] Kernel started: 4d850b7a-11c4-4ede-9141-77971276bcf2, name: python3
[W 23:25:17.199 NotebookApp] 404 GET /nbextensions/widgets/notebook/js/extension.js?v=20210325232315 (127.0.0.1) 7.580000ms referer=http://127.0.0.1:8888/notebooks/Chapter%204.ipynb
